
> server@0.0.0 deploy-to-prod /home/bobleeswagger/Documents/Quizdini/quizdini-learn
> npm run prettier && npm run build --prefix client && git add . && cross-env git commit -m "${npm_config_comment}" && git push origin main && git push heroku main


> server@0.0.0 prettier /home/bobleeswagger/Documents/Quizdini/quizdini-learn
> prettier **/*.{js,ts,vue,json} --write

.prettier.config.js 41ms
client/babel.config.js 5ms
client/package-lock.json 490ms
client/package.json 23ms
client/sitemapGenerator.js 9ms
client/src/api/match.js 8ms
client/src/api/ping.js 4ms
client/src/App.vue 58ms
client/src/components/AppFullPage.vue 20ms
client/src/components/game/DndBoard.vue 18ms
client/src/components/game/DragItem.vue 14ms
client/src/components/game/DropItem.vue 20ms
client/src/components/game/GameLoader.vue 93ms
client/src/components/game/GameSplash.vue 51ms
client/src/components/index.js 3ms
client/src/components/ui/mixins.js 20ms
client/src/components/ui/UiButton.vue 19ms
client/src/components/ui/UiIcon.vue 24ms
client/src/components/ui/UiList.vue 23ms
client/src/components/ui/UiModal.vue 35ms
client/src/compose/useDnd.js 53ms
client/src/compose/useLoader.js 11ms
client/src/compose/useTimeout.js 7ms
client/src/compose/useTimeoutFn.js 3ms
client/src/compose/useTimer.js 22ms
client/src/compose/useTitle.js 7ms
client/src/games/index.js 1ms
client/src/games/Match/config.js 6ms
client/src/games/Match/Game.vue 191ms
client/src/games/Match/index.vue 15ms
client/src/games/Match/Tile.vue 27ms
client/src/games/Match/Timer.vue 56ms
client/src/games/Match/useMatch.js 63ms
client/src/main.js 2ms
client/src/router/index.js 3ms
client/src/utils/common.js 12ms
client/src/utils/fetch.js 5ms
client/src/views/Matches.vue 18ms
client/src/views/TimeoutTest.vue 45ms
client/src/views/UI.vue 64ms
client/tailwind.config.js 3ms
client/tailwind.quizdini.js 2ms
client/vue.config.js 5ms
DELETEME/tailwind.export.js 7ms
DELETEME/useTimeoutOrig.js 3ms
package-lock.json 70ms
package.json 2ms
server/app.js 8ms
server/config/dev.js 2ms
server/config/keys.js 2ms
server/config/prod.js 2ms
server/errors.js 4ms
server/middlewares/errorHandler.js 2ms
server/models/Match.js 5ms
server/models/Ping.js 5ms
server/models/User.js 4ms
server/routes/matchRoutes.js 8ms
server/routes/pingRoutes.js 3ms
server/routes/sitemapRoutes.js 8ms
server/services/memcache.js 6ms

> client@0.1.0 build /home/bobleeswagger/Documents/Quizdini/quizdini-learn/client
> vue-cli-service build --modern


-  Building legacy bundle for production...
 WARNING  Compiled with 2 warnings3:09:15 PM

 warning  

entrypoint size limit: The following entrypoint(s) combined asset size exceeds the recommended limit (244 KiB). This can impact web performance.
Entrypoints:
  app (388 KiB)
      js/chunk-vendors-legacy.fe211d05.js
      css/app.9486a3d4.css
      js/app-legacy.a75f8dc5.js


 warning  

webpack performance recommendations: 
You can limit the size of your bundles by using import() or require.ensure to lazy load some parts of your application.
For more info visit https://webpack.js.org/guides/code-splitting/

  File                                      Size             Gzipped

  ../server/public/js/chunk-vendors-lega    234.44 KiB       84.66 KiB
  cy.fe211d05.js
  ../server/public/js/app-legacy.a75f8dc    57.84 KiB        17.35 KiB
  5.js
  ../server/public/css/app.9486a3d4.css     95.92 KiB        13.11 KiB

  Images and other types of assets omitted.


-  Building modern bundle for production...
 WARNING  Compiled with 2 warnings3:09:27 PM

 warning  

entrypoint size limit: The following entrypoint(s) combined asset size exceeds the recommended limit (244 KiB). This can impact web performance.
Entrypoints:
  app (343 KiB)
      js/chunk-vendors.d20a23eb.js
      css/app.9486a3d4.css
      js/app.5f10a924.js


 warning  

webpack performance recommendations: 
You can limit the size of your bundles by using import() or require.ensure to lazy load some parts of your application.
For more info visit https://webpack.js.org/guides/code-splitting/

  File                                      Size             Gzipped

  ../server/public/js/chunk-vendors.d20a    196.71 KiB       71.02 KiB
  23eb.js
  ../server/public/js/app.5f10a924.js       50.62 KiB        16.12 KiB
  ../server/public/css/app.9486a3d4.css     95.92 KiB        13.11 KiB

  Images and other types of assets omitted.

 DONE  Build complete. The ../server/public directory is ready to be deployed.
 INFO  Check out deployment instructions at https://cli.vuejs.org/guide/deployment.html
      
[main b33724a] cleaned up resets; api renaming
 12 files changed, 145 insertions(+), 20 deletions(-)
 create mode 100644 nohup.out
 rename server/public/css/{app.54cc2556.css => app.9486a3d4.css} (98%)
 rename server/public/js/{app-legacy.d5dadde7.js => app-legacy.a75f8dc5.js} (99%)
 create mode 100644 server/public/js/app-legacy.a75f8dc5.js.map
 delete mode 100644 server/public/js/app-legacy.d5dadde7.js.map
 rename server/public/js/{app.98df5b6c.js => app.5f10a924.js} (99%)
 create mode 100644 server/public/js/app.5f10a924.js.map
 delete mode 100644 server/public/js/app.98df5b6c.js.map
To https://github.com/babalugats76/quizdini-learn
   ecc40de..b33724a  main -> main
remote: Compressing source files... done.        
remote: Building source:        
remote: 
remote: -----> Building on the Heroku-18 stack        
remote: -----> Node.js app detected        
remote:                
remote: -----> Creating runtime environment        
remote:                
remote:        NPM_CONFIG_LOGLEVEL=error        
remote:        NODE_ENV=production        
remote:        NODE_MODULES_CACHE=true        
remote:        NODE_VERBOSE=false        
remote:                
remote: -----> Installing binaries        
remote:        engines.node (package.json):  14.x        
remote:        engines.npm (package.json):   6.x        
remote:                
remote:        Resolving node version 14.x...        
remote:        Downloading and installing node 14.15.4...        
remote:        Bootstrapping npm 6.x (replacing 6.14.10)...        
remote:        npm 6.x installed        
remote:                
remote: -----> Restoring cache        
remote:        - node_modules        
remote:                
remote: -----> Prebuild        
remote:        Running heroku-prebuild        
remote:                
remote:        > server@0.0.0 heroku-prebuild /tmp/build_696fa3d0        
remote:        > echo Hook for Heroku prebuild...        
remote:                
remote:        Hook for Heroku prebuild...        
remote:                
remote: -----> Installing dependencies        
remote:        Installing node modules        
remote:                
remote:        > nodemon@2.0.6 postinstall /tmp/build_696fa3d0/node_modules/nodemon        
remote:        > node bin/postinstall || exit 0        
remote:                
remote:        [32mLove nodemon? You can now support the project via the open collective:[22m[39m        
remote:         > [96m[1mhttps://opencollective.com/nodemon/donate[0m        
remote:                
remote:        added 290 packages in 10.713s        
remote:                
remote: -----> Build        
remote:        Running heroku-postbuild        
remote:                
remote:        > server@0.0.0 heroku-postbuild /tmp/build_696fa3d0        
remote:        > echo Hook for Heroku postbuild...        
remote:                
remote:        Hook for Heroku postbuild...        
remote:                
remote: -----> Caching build        
remote:        - node_modules        
remote:                
remote: -----> Pruning devDependencies        
remote:        removed 176 packages and audited 114 packages in 3.185s        
remote:                
remote:        3 packages are looking for funding        
remote:          run `npm fund` for details        
remote:                
remote:        found 0 vulnerabilities        
remote:                
remote:                
remote: -----> Build succeeded!        
remote: -----> Discovering process types        
remote:        Procfile declares types     -> (none)        
remote:        Default types for buildpack -> web        
remote: 
remote: -----> Compressing...        
remote:        Done: 38.9M        
remote: -----> Launching...        
remote:        Released v187        
remote:        https://polar-dawn-13501.herokuapp.com/ deployed to Heroku        
remote: 
remote: Verifying deploy... done.        
To https://git.heroku.com/polar-dawn-13501.git
   ecc40de..b33724a  main -> main
